<?xml version="1.0" encoding="UTF-8"?>
<!-- Generated by org.testng.reporters.JUnitXMLReporter -->
<testsuite ignored="0" hostname="AmritPC" failures="0" tests="4" name="ChromeTest" time="58.152" errors="0" timestamp="2023-07-16T09:35:10 PDT">
  <testcase classname="testCases.TC_003_LoginTestDT" name="test_account_login" time="11.81"/>
  <testcase classname="testCases.TC_003_LoginTestDT" name="test_account_login" time="11.96"/>
  <testcase classname="testCases.TC_003_LoginTestDT" name="test_account_login" time="11.819"/>
  <testcase classname="testCases.TC_003_LoginTestDT" name="test_account_login" time="11.699"/>
</testsuite> <!-- ChromeTest -->
