<?xml version="1.0" encoding="UTF-8"?>
<testng-results ignored="0" total="4" passed="4" failed="0" skipped="0">
  <reporter-output>
  </reporter-output>
  <suite started-at="2023-07-16T09:34:11 PDT" name="Suite" finished-at="2023-07-16T09:35:09 PDT" duration-ms="58152">
    <groups>
    </groups>
    <test started-at="2023-07-16T09:34:11 PDT" name="ChromeTest" finished-at="2023-07-16T09:35:09 PDT" duration-ms="58152">
      <class name="testCases.TC_003_LoginTestDT">
        <test-method is-config="true" signature="setup(java.lang.String)[pri:0, instance:testCases.TC_003_LoginTestDT@17f9d882]" started-at="2023-07-16T09:34:12 PDT" name="setup" finished-at="2023-07-16T09:34:18 PDT" duration-ms="6600" status="PASS">
          <params>
            <param index="0">
              <value>
                <![CDATA[chrome]]>
              </value>
            </param>
          </params>
          <reporter-output>
          </reporter-output>
        </test-method> <!-- setup -->
        <test-method signature="test_account_login(java.lang.String,java.lang.String,java.lang.String)[pri:0, instance:testCases.TC_003_LoginTestDT@17f9d882]" started-at="2023-07-16T09:34:21 PDT" name="test_account_login" data-provider="Testdata" finished-at="2023-07-16T09:34:33 PDT" duration-ms="11810" status="PASS">
          <params>
            <param index="0">
              <value>
                <![CDATA[abc@gmail.com]]>
              </value>
            </param>
            <param index="1">
              <value>
                <![CDATA[test123]]>
              </value>
            </param>
            <param index="2">
              <value>
                <![CDATA[Invalid]]>
              </value>
            </param>
          </params>
          <reporter-output>
          </reporter-output>
        </test-method> <!-- test_account_login -->
        <test-method signature="test_account_login(java.lang.String,java.lang.String,java.lang.String)[pri:0, instance:testCases.TC_003_LoginTestDT@17f9d882]" started-at="2023-07-16T09:34:33 PDT" name="test_account_login" data-provider="Testdata" finished-at="2023-07-16T09:34:45 PDT" duration-ms="11960" status="PASS">
          <params>
            <param index="0">
              <value>
                <![CDATA[abc12@yahoo.com]]>
              </value>
            </param>
            <param index="1">
              <value>
                <![CDATA[test]]>
              </value>
            </param>
            <param index="2">
              <value>
                <![CDATA[Invalid]]>
              </value>
            </param>
          </params>
          <reporter-output>
          </reporter-output>
        </test-method> <!-- test_account_login -->
        <test-method signature="test_account_login(java.lang.String,java.lang.String,java.lang.String)[pri:0, instance:testCases.TC_003_LoginTestDT@17f9d882]" started-at="2023-07-16T09:34:45 PDT" name="test_account_login" data-provider="Testdata" finished-at="2023-07-16T09:34:57 PDT" duration-ms="11819" status="PASS">
          <params>
            <param index="0">
              <value>
                <![CDATA[dfdf@gmsil.com]]>
              </value>
            </param>
            <param index="1">
              <value>
                <![CDATA[test123]]>
              </value>
            </param>
            <param index="2">
              <value>
                <![CDATA[Invalid]]>
              </value>
            </param>
          </params>
          <reporter-output>
          </reporter-output>
        </test-method> <!-- test_account_login -->
        <test-method signature="test_account_login(java.lang.String,java.lang.String,java.lang.String)[pri:0, instance:testCases.TC_003_LoginTestDT@17f9d882]" started-at="2023-07-16T09:34:57 PDT" name="test_account_login" data-provider="Testdata" finished-at="2023-07-16T09:35:09 PDT" duration-ms="11699" status="PASS">
          <params>
            <param index="0">
              <value>
                <![CDATA[qwer@icloud.com]]>
              </value>
            </param>
            <param index="1">
              <value>
                <![CDATA[test]]>
              </value>
            </param>
            <param index="2">
              <value>
                <![CDATA[Invalid]]>
              </value>
            </param>
          </params>
          <reporter-output>
          </reporter-output>
        </test-method> <!-- test_account_login -->
        <test-method is-config="true" signature="tearDown()[pri:0, instance:testCases.TC_003_LoginTestDT@17f9d882]" started-at="2023-07-16T09:35:09 PDT" name="tearDown" finished-at="2023-07-16T09:35:09 PDT" duration-ms="196" status="PASS">
          <reporter-output>
          </reporter-output>
        </test-method> <!-- tearDown -->
      </class> <!-- testCases.TC_003_LoginTestDT -->
    </test> <!-- ChromeTest -->
  </suite> <!-- Suite -->
</testng-results>
